Using pre-set license
Built from '2020.3/release' branch; Version is '2020.3.1f1 (77a89f25062f) revision 7841951'; Using compiler version '192528614'; Build Type 'Release'
OS: 'Windows 10 Home China; OS build 18363.592; Version 1909; 64bit' Language: 'zh' Physical Memory: 8081 MB
BatchMode: 1, IsHumanControllingUs: 0, StartBugReporterOnCrash: 0, Is64bit: 1, IsPro: 0

 COMMAND LINE ARGUMENTS:
D:\unity new\Unity\Editor\Unity.exe
-adb2
-batchMode
-noUpm
-name
AssetImportWorker0
-projectPath
D:/unity new/DING FINAL
-logFile
Logs/AssetImportWorker0.log
-srvPort
59067
Successfully changed project path to: D:/unity new/DING FINAL
D:/unity new/DING FINAL
Using Asset Import Pipeline V2.
Refreshing native plugins compatible for Editor in 29.38 ms, found 0 plugins.
Preloading 0 native plugins for Editor in 0.00 ms.
Initialize engine version: 2020.3.1f1 (77a89f25062f)
[Subsystems] Discovering subsystems at path D:/unity new/Unity/Editor/Data/Resources/UnitySubsystems
[Subsystems] Discovering subsystems at path D:/unity new/DING FINAL/Assets
GfxDevice: creating device client; threaded=0
Direct3D:
    Version:  Direct3D 11.0 [level 11.0]
    Renderer: NVIDIA GeForce GTX 960M (ID=0x139b)
    Vendor:   
    VRAM:     2017 MB
    Driver:   21.21.13.7682
Initialize mono
Mono path[0] = 'D:/unity new/Unity/Editor/Data/Managed'
Mono path[1] = 'D:/unity new/Unity/Editor/Data/MonoBleedingEdge/lib/mono/unityjit'
Mono config path = 'D:/unity new/Unity/Editor/Data/MonoBleedingEdge/etc'
Using monoOptions --debugger-agent=transport=dt_socket,embedding=1,server=y,suspend=n,address=127.0.0.1:56940
Begin MonoManager ReloadAssembly
Registering precompiled unity dll's ...
Register platform support module: D:/unity new/Unity/Editor/Data/PlaybackEngines/WindowsStandaloneSupport/UnityEditor.WindowsStandalone.Extensions.dll
Registered in 0.001269 seconds.
Native extension for WindowsStandalone target not found
Refreshing native plugins compatible for Editor in 25.94 ms, found 0 plugins.
Preloading 0 native plugins for Editor in 0.00 ms.
Invoked RoslynAnalysisRunner static constructor.
RoslynAnalysisRunner will not be running.
RoslynAnalysisRunner has terminated.
Mono: successfully reloaded assembly
- Completed reload, in  1.419 seconds
Platform modules already initialized, skipping
Registering precompiled user dll's ...
Registered in 0.000747 seconds.
Begin MonoManager ReloadAssembly
Native extension for WindowsStandalone target not found
Refreshing native plugins compatible for Editor in 0.21 ms, found 0 plugins.
Preloading 0 native plugins for Editor in 0.00 ms.
Invoked RoslynAnalysisRunner static constructor.
RoslynAnalysisRunner will not be running.
RoslynAnalysisRunner has terminated.
Mono: successfully reloaded assembly
- Completed reload, in  0.977 seconds
Platform modules already initialized, skipping
========================================================================
Worker process is ready to serve import requests
Launched and connected shader compiler UnityShaderCompiler.exe after 0.06 seconds
Refreshing native plugins compatible for Editor in 0.32 ms, found 0 plugins.
Preloading 0 native plugins for Editor in 0.00 ms.
Unloading 1113 Unused Serialized files (Serialized files now loaded: 0)
System memory in use before: 57.4 MB.
System memory in use after: 57.4 MB.

Unloading 10 unused Assets to reduce memory usage. Loaded Objects now: 1559.
Total: 2.049800 ms (FindLiveObjects: 0.153500 ms CreateObjectMapping: 0.030800 ms MarkObjects: 1.714900 ms  DeleteObjects: 0.149400 ms)

========================================================================
Received Import Request.
  path: Assets/5.27.rar
  artifactKey: Guid(88bed419526ffe94ead2bdd250281264) Importer(815301076,1909f56bfc062723c751e8b465ee728b)
Start importing Assets/5.27.rar using Guid(88bed419526ffe94ead2bdd250281264) Importer(815301076,1909f56bfc062723c751e8b465ee728b)  -> (artifact id: '419dfbf5bc2d8cefd0b537aeb401b77e') in 0.070238 seconds
  Import took 0.110869 seconds .

========================================================================
Received Import Request.
  Time since last request: 0.008242 seconds.
  path: Assets/5.27/Materials
  artifactKey: Guid(f2c114accc2d0514881408de67e83e8f) Importer(815301076,1909f56bfc062723c751e8b465ee728b)
Start importing Assets/5.27/Materials using Guid(f2c114accc2d0514881408de67e83e8f) Importer(815301076,1909f56bfc062723c751e8b465ee728b)  -> (artifact id: 'd7085f7d3e7a699c5280d80c860d0f7a') in 0.008209 seconds
  Import took 0.010519 seconds .

========================================================================
Received Import Request.
  Time since last request: 0.649222 seconds.
  path: Assets/Scenes
  artifactKey: Guid(26bdc0b72979c774eb8ded8ad99a6fd4) Importer(815301076,1909f56bfc062723c751e8b465ee728b)
Start importing Assets/Scenes using Guid(26bdc0b72979c774eb8ded8ad99a6fd4) Importer(815301076,1909f56bfc062723c751e8b465ee728b)  -> (artifact id: '027c1e32ede6dbad919dc9264db01352') in 0.007819 seconds
  Import took 0.009864 seconds .

========================================================================
Received Import Request.
  Time since last request: 0.061378 seconds.
  path: Assets/Scenes/SampleScene.unity
  artifactKey: Guid(9fc0d4010bbf28b4594072e72b8655ab) Importer(815301076,1909f56bfc062723c751e8b465ee728b)
Start importing Assets/Scenes/SampleScene.unity using Guid(9fc0d4010bbf28b4594072e72b8655ab) Importer(815301076,1909f56bfc062723c751e8b465ee728b)  -> (artifact id: '9a0c7bd3eade52b464e03a3fa19ccb01') in 0.008074 seconds
  Import took 0.021116 seconds .

========================================================================
Received Import Request.
  Time since last request: 0.187664 seconds.
  path: Assets/5.27/DING FINAL 2.unity
  artifactKey: Guid(c731c2c8083b17442ace184770b2542d) Importer(815301076,1909f56bfc062723c751e8b465ee728b)
Start importing Assets/5.27/DING FINAL 2.unity using Guid(c731c2c8083b17442ace184770b2542d) Importer(815301076,1909f56bfc062723c751e8b465ee728b)  -> (artifact id: 'dd8e8bd9b9f568a07c0a89652713aaae') in 0.009830 seconds
  Import took 0.012194 seconds .

========================================================================
Received Import Request.
  Time since last request: 0.003634 seconds.
  path: Assets/5.27/Ding Final1.1.unity
  artifactKey: Guid(63224d4b7c5cda64ea549fad065c16ff) Importer(815301076,1909f56bfc062723c751e8b465ee728b)
Start importing Assets/5.27/Ding Final1.1.unity using Guid(63224d4b7c5cda64ea549fad065c16ff) Importer(815301076,1909f56bfc062723c751e8b465ee728b)  -> (artifact id: '0bc56f91b5ba89e4216721482f54eff1') in 0.010743 seconds
  Import took 0.012917 seconds .

========================================================================
Received Import Request.
  Time since last request: 0.007522 seconds.
  path: Assets/Materials
  artifactKey: Guid(184bf431b18d9194980e9d9e190262af) Importer(815301076,1909f56bfc062723c751e8b465ee728b)
Start importing Assets/Materials using Guid(184bf431b18d9194980e9d9e190262af) Importer(815301076,1909f56bfc062723c751e8b465ee728b)  -> (artifact id: '705c4d9fec3e431b9350428b979f5e5e') in 0.002561 seconds
  Import took 0.005057 seconds .

========================================================================
Received Prepare
Registering precompiled user dll's ...
Registered in 0.002005 seconds.
Begin MonoManager ReloadAssembly
Native extension for WindowsStandalone target not found
Refreshing native plugins compatible for Editor in 0.21 ms, found 0 plugins.
Preloading 0 native plugins for Editor in 0.00 ms.
Invoked RoslynAnalysisRunner static constructor.
RoslynAnalysisRunner will not be running.
RoslynAnalysisRunner has terminated.
Mono: successfully reloaded assembly
- Completed reload, in  0.959 seconds
Platform modules already initialized, skipping
Refreshing native plugins compatible for Editor in 0.22 ms, found 0 plugins.
Preloading 0 native plugins for Editor in 0.00 ms.
Unloading 1108 Unused Serialized files (Serialized files now loaded: 0)
System memory in use before: 57.3 MB.
System memory in use after: 57.4 MB.

Unloading 5 unused Assets to reduce memory usage. Loaded Objects now: 1562.
Total: 2.534800 ms (FindLiveObjects: 0.310000 ms CreateObjectMapping: 0.059500 ms MarkObjects: 2.050100 ms  DeleteObjects: 0.113800 ms)

AssetImportWorkerClient::OnTransportError - code=2 error=End of file
